2019-07-23 13:25:14 :: [FATAL :: 2884fea0-ad34-11e9-92c6-73cf0f490ff2]; /read/5d36da10db563916939828770; 500; CastError: Cast to ObjectId failed for value "5d36da10db563916939828770" at path "_id" for model "event"
2019-07-23 13:55:44 :: [FAILED :: 6bcc0f60-ad38-11e9-9af2-2b3b893c56f1]; /event/create; 200; mongo is not a constructor
2019-07-23 13:55:51 :: [FAILED :: 6fd8be00-ad38-11e9-9af2-2b3b893c56f1]; /event/create; 200; mongo is not a constructor
2019-07-23 14:00:15 :: [FATAL :: 0d4fb760-ad39-11e9-970b-f1512d60b7f9]; /event/create; 500; TypeError: Assignment to constant variable.
2019-07-23 14:19:50 :: [FAILED :: c956dea0-ad3b-11e9-8c59-d3a0dfef11dc]; /event/read/5d36da10db56391693982877; 200; select is not defined
2019-07-23 14:31:14 :: [FATAL :: 61503ed0-ad3d-11e9-94f4-e301eb323770]; /event/read/5d36da10db563916939828770; 500; CastError: Cast to ObjectId failed for value "5d36da10db563916939828770" at path "_id" for model "event"
2019-07-23 14:31:23 :: [FAILED :: 66b46720-ad3d-11e9-94f4-e301eb323770]; /event/read/5d36da10db56391693982870; 404; Event not found.
2019-07-23 14:31:55 :: [FAILED :: 797cc0a0-ad3d-11e9-aed3-5f3ad3d4c932]; /event/read/5d36da10db56391693982870; 404; Event not found.
2019-07-23 14:32:15 :: [FAILED :: 85b60660-ad3d-11e9-aed3-5f3ad3d4c932]; /event/read/5d36da10db56391693982870; 404; Event not found.
2019-07-23 14:33:03 :: [FAILED :: a2068f60-ad3d-11e9-aed3-5f3ad3d4c932]; /event/search; 200; Cannot read property 'trim' of undefined
2019-07-23 14:51:10 :: [FAILED :: 2a0343c0-ad40-11e9-bbde-87a6cbbbd24d]; /event/read/5d36da10db56391693982877; 404; Event not found.
2019-07-23 18:58:52 :: [FAILED :: c48ff600-ad62-11e9-8c3a-6d7e4e7a40f5]; /event/ticket/create/5d36da10db56391693982877; 404; Event not found.
2019-07-23 18:59:29 :: [FAILED :: daa334c0-ad62-11e9-8c3a-6d7e4e7a40f5]; /event/ticket/create/5d36da10db56391693982877; 404; Event not found.
2019-07-23 19:00:05 :: [FAILED :: f021d4a0-ad62-11e9-8e3e-17dd6fca7e6c]; /event/ticket/create/5d36da10db56391693982877; 404; Event not found.
2019-07-23 19:00:21 :: [FATAL :: f9a85670-ad62-11e9-8e3e-17dd6fca7e6c]; /event/ticket/create/5d36da4edb56391693982878; 500; TypeError: mongo.save is not a function
2019-07-23 19:01:02 :: [FATAL :: 11e1d090-ad63-11e9-b854-f75ad39e4cc6]; /event/ticket/create/5d36da4edb56391693982878; 500; ValidationError: ticket.0.amount: Path `amount` is required.
2019-07-23 19:07:20 :: [FATAL :: f2e43380-ad63-11e9-9714-7f2452d1a890]; /event/ticket/read/5d372f5cda7c6836e182f285; 500; TypeError: response.filter is not a function
2019-07-23 21:06:53 :: [FAILED :: a6d32da0-ad74-11e9-890f-4bcb482f08b1]; /event/ticket/read-many/5d36da4edb56391693982878; 404; Ticket not found.
2019-07-23 22:48:33 :: [FATAL :: da81e390-ad82-11e9-a8fe-71fbf6daea62]; /event/ticket/update/5d36da4edb56391693982878/5d372f5cda7c6836e182f285; 500; TypeError: Cannot convert undefined or null to object
2019-07-23 22:49:04 :: [FATAL :: ecbbb8b0-ad82-11e9-a71b-9f70922f0a87]; /event/ticket/update/5d36da4edb56391693982878/5d372f5cda7c6836e182f285; 500; TypeError: Cannot convert undefined or null to object
2019-07-23 22:49:24 :: [FATAL :: f8cc19b0-ad82-11e9-b038-7bdca6d4102f]; /event/ticket/update/5d36da4edb56391693982878/5d372f5cda7c6836e182f285; 500; TypeError: Cannot convert undefined or null to object
2019-07-23 22:49:34 :: [FATAL :: fecea4e0-ad82-11e9-b837-6b615bd08590]; /event/ticket/update/5d36da4edb56391693982878/5d372f5cda7c6836e182f285; 500; TypeError: Cannot convert undefined or null to object
2019-07-23 22:49:56 :: [FATAL :: 0bfc5cc0-ad83-11e9-b0ef-61114e54858a]; /event/ticket/update/5d36da4edb56391693982878/5d372f5cda7c6836e182f285; 500; TypeError: Cannot convert undefined or null to object
2019-07-23 22:50:42 :: [FATAL :: 27a05210-ad83-11e9-aa7b-b1187a2cf29e]; /event/ticket/update/5d36da4edb56391693982878/5d372f5cda7c6836e182f285; 500; TypeError: Cannot convert undefined or null to object
